<?xml version="1.0" encoding="UTF-8"?>
<coverage generated="1440247794">
  <project timestamp="1440247794">
    <file name="/Users/ady/PhpstormProjects/sense/app/routes.php">
      <line num="9" type="stmt" count="1"/>
      <line num="11" type="stmt" count="1"/>
      <metrics loc="11" ncloc="8" classes="0" methods="0" coveredmethods="0" conditionals="0" coveredconditionals="0" statements="2" coveredstatements="2" elements="2" coveredelements="2"/>
    </file>
    <package name="sense">
      <file name="/Users/ady/PhpstormProjects/sense/sense/Container.php">
        <class name="C" namespace="sense">
          <metrics methods="6" coveredmethods="3" conditionals="0" coveredconditionals="0" statements="22" coveredstatements="18" elements="28" coveredelements="21"/>
        </class>
        <line num="9" type="method" name="checkOrGenerateInstance" crap="2.26" count="3"/>
        <line num="11" type="stmt" count="3"/>
        <line num="12" type="stmt" count="3"/>
        <line num="13" type="stmt" count="0"/>
        <line num="14" type="stmt" count="0"/>
        <line num="15" type="stmt" count="3"/>
        <line num="17" type="method" name="forceGenerateInstance" crap="1" count="2"/>
        <line num="19" type="stmt" count="2"/>
        <line num="20" type="stmt" count="2"/>
        <line num="22" type="method" name="set" crap="1" count="2"/>
        <line num="24" type="stmt" count="2"/>
        <line num="26" type="stmt" count="2"/>
        <line num="27" type="stmt" count="2"/>
        <line num="29" type="method" name="exists" crap="1" count="1"/>
        <line num="31" type="stmt" count="1"/>
        <line num="33" type="stmt" count="1"/>
        <line num="36" type="method" name="get" crap="2.03" count="3"/>
        <line num="38" type="stmt" count="3"/>
        <line num="40" type="stmt" count="3"/>
        <line num="41" type="stmt" count="3"/>
        <line num="42" type="stmt" count="3"/>
        <line num="45" type="stmt" count="0"/>
        <line num="48" type="method" name="remove" crap="2.03" count="1"/>
        <line num="50" type="stmt" count="1"/>
        <line num="52" type="stmt" count="1"/>
        <line num="53" type="stmt" count="1"/>
        <line num="54" type="stmt" count="1"/>
        <line num="57" type="stmt" count="0"/>
        <metrics loc="58" ncloc="58" classes="1" methods="6" coveredmethods="3" conditionals="0" coveredconditionals="0" statements="22" coveredstatements="18" elements="28" coveredelements="21"/>
      </file>
      <file name="/Users/ady/PhpstormProjects/sense/sense/Sense.php">
        <class name="Sense" namespace="sense" fullPackage="sense" package="sense">
          <metrics methods="4" coveredmethods="3" conditionals="0" coveredconditionals="0" statements="11" coveredstatements="10" elements="15" coveredelements="13"/>
        </class>
        <line num="24" type="method" name="__construct" crap="1" count="1"/>
        <line num="27" type="stmt" count="1"/>
        <line num="28" type="stmt" count="1"/>
        <line num="29" type="stmt" count="1"/>
        <line num="36" type="method" name="loadDependencies" crap="1" count="1"/>
        <line num="38" type="stmt" count="1"/>
        <line num="40" type="stmt" count="1"/>
        <line num="41" type="stmt" count="1"/>
        <line num="42" type="stmt" count="1"/>
        <line num="43" type="stmt" count="1"/>
        <line num="50" type="method" name="loadRouting" crap="1" count="1"/>
        <line num="52" type="stmt" count="1"/>
        <line num="53" type="stmt" count="1"/>
        <line num="59" type="method" name="run" crap="2" count="0"/>
        <line num="61" type="stmt" count="0"/>
        <metrics loc="62" ncloc="40" classes="1" methods="4" coveredmethods="3" conditionals="0" coveredconditionals="0" statements="11" coveredstatements="10" elements="15" coveredelements="13"/>
      </file>
    </package>
    <package name="sense\net">
      <file name="/Users/ady/PhpstormProjects/sense/sense/net/Request.php">
        <class name="Request" namespace="sense\net">
          <metrics methods="0" coveredmethods="0" conditionals="0" coveredconditionals="0" statements="0" coveredstatements="0" elements="0" coveredelements="0"/>
        </class>
        <metrics loc="7" ncloc="7" classes="1" methods="0" coveredmethods="0" conditionals="0" coveredconditionals="0" statements="0" coveredstatements="0" elements="0" coveredelements="0"/>
      </file>
      <file name="/Users/ady/PhpstormProjects/sense/sense/net/Response.php">
        <class name="Response" namespace="sense\net">
          <metrics methods="0" coveredmethods="0" conditionals="0" coveredconditionals="0" statements="0" coveredstatements="0" elements="0" coveredelements="0"/>
        </class>
        <metrics loc="7" ncloc="7" classes="1" methods="0" coveredmethods="0" conditionals="0" coveredconditionals="0" statements="0" coveredstatements="0" elements="0" coveredelements="0"/>
      </file>
      <file name="/Users/ady/PhpstormProjects/sense/sense/net/Route.php">
        <class name="Route" namespace="sense\net">
          <metrics methods="1" coveredmethods="1" conditionals="0" coveredconditionals="0" statements="6" coveredstatements="6" elements="7" coveredelements="7"/>
        </class>
        <line num="15" type="method" name="__construct" crap="1" count="2"/>
        <line num="17" type="stmt" count="2"/>
        <line num="19" type="stmt" count="2"/>
        <line num="21" type="stmt" count="2"/>
        <line num="23" type="stmt" count="2"/>
        <line num="25" type="stmt" count="2"/>
        <line num="26" type="stmt" count="2"/>
        <metrics loc="26" ncloc="26" classes="1" methods="1" coveredmethods="1" conditionals="0" coveredconditionals="0" statements="6" coveredstatements="6" elements="7" coveredelements="7"/>
      </file>
      <file name="/Users/ady/PhpstormProjects/sense/sense/net/Router.php">
        <class name="Router" namespace="sense\net">
          <metrics methods="2" coveredmethods="1" conditionals="0" coveredconditionals="0" statements="17" coveredstatements="8" elements="19" coveredelements="9"/>
        </class>
        <line num="12" type="method" name="create" crap="2" count="2"/>
        <line num="14" type="stmt" count="2"/>
        <line num="16" type="stmt" count="2"/>
        <line num="18" type="stmt" count="2"/>
        <line num="19" type="stmt" count="2"/>
        <line num="20" type="stmt" count="2"/>
        <line num="21" type="stmt" count="2"/>
        <line num="22" type="stmt" count="2"/>
        <line num="23" type="stmt" count="2"/>
        <line num="25" type="method" name="dispatchAndRespond" crap="6" count="0"/>
        <line num="27" type="stmt" count="0"/>
        <line num="29" type="stmt" count="0"/>
        <line num="31" type="stmt" count="0"/>
        <line num="32" type="stmt" count="0"/>
        <line num="33" type="stmt" count="0"/>
        <line num="34" type="stmt" count="0"/>
        <line num="35" type="stmt" count="0"/>
        <line num="38" type="stmt" count="0"/>
        <line num="41" type="stmt" count="0"/>
        <metrics loc="42" ncloc="42" classes="1" methods="2" coveredmethods="1" conditionals="0" coveredconditionals="0" statements="17" coveredstatements="8" elements="19" coveredelements="9"/>
      </file>
    </package>
    <package name="Composer\Autoload">
      <file name="/Users/ady/PhpstormProjects/sense/vendor/composer/ClassLoader.php">
        <class name="ClassLoader" namespace="Composer\Autoload">
          <metrics methods="19" coveredmethods="0" conditionals="0" coveredconditionals="0" statements="143" coveredstatements="33" elements="162" coveredelements="33"/>
        </class>
        <line num="59" type="method" name="getPrefixes" crap="6" count="0"/>
        <line num="61" type="stmt" count="0"/>
        <line num="62" type="stmt" count="0"/>
        <line num="65" type="stmt" count="0"/>
        <line num="68" type="method" name="getPrefixesPsr4" crap="2" count="0"/>
        <line num="70" type="stmt" count="0"/>
        <line num="73" type="method" name="getFallbackDirs" crap="2" count="0"/>
        <line num="75" type="stmt" count="0"/>
        <line num="78" type="method" name="getFallbackDirsPsr4" crap="2" count="0"/>
        <line num="80" type="stmt" count="0"/>
        <line num="83" type="method" name="getClassMap" crap="2" count="0"/>
        <line num="85" type="stmt" count="0"/>
        <line num="91" type="method" name="addClassMap" crap="6" count="0"/>
        <line num="93" type="stmt" count="0"/>
        <line num="94" type="stmt" count="0"/>
        <line num="95" type="stmt" count="0"/>
        <line num="96" type="stmt" count="0"/>
        <line num="98" type="stmt" count="0"/>
        <line num="108" type="method" name="add" crap="30" count="0"/>
        <line num="110" type="stmt" count="0"/>
        <line num="111" type="stmt" count="0"/>
        <line num="112" type="stmt" count="0"/>
        <line num="113" type="stmt" count="0"/>
        <line num="114" type="stmt" count="0"/>
        <line num="115" type="stmt" count="0"/>
        <line num="116" type="stmt" count="0"/>
        <line num="117" type="stmt" count="0"/>
        <line num="118" type="stmt" count="0"/>
        <line num="120" type="stmt" count="0"/>
        <line num="123" type="stmt" count="0"/>
        <line num="126" type="stmt" count="0"/>
        <line num="127" type="stmt" count="0"/>
        <line num="128" type="stmt" count="0"/>
        <line num="130" type="stmt" count="0"/>
        <line num="132" type="stmt" count="0"/>
        <line num="133" type="stmt" count="0"/>
        <line num="134" type="stmt" count="0"/>
        <line num="135" type="stmt" count="0"/>
        <line num="136" type="stmt" count="0"/>
        <line num="137" type="stmt" count="0"/>
        <line num="138" type="stmt" count="0"/>
        <line num="139" type="stmt" count="0"/>
        <line num="141" type="stmt" count="0"/>
        <line num="143" type="stmt" count="0"/>
        <line num="155" type="method" name="addPsr4" crap="42" count="0"/>
        <line num="157" type="stmt" count="0"/>
        <line num="159" type="stmt" count="0"/>
        <line num="160" type="stmt" count="0"/>
        <line num="161" type="stmt" count="0"/>
        <line num="162" type="stmt" count="0"/>
        <line num="163" type="stmt" count="0"/>
        <line num="164" type="stmt" count="0"/>
        <line num="165" type="stmt" count="0"/>
        <line num="166" type="stmt" count="0"/>
        <line num="168" type="stmt" count="0"/>
        <line num="170" type="stmt" count="0"/>
        <line num="172" type="stmt" count="0"/>
        <line num="173" type="stmt" count="0"/>
        <line num="174" type="stmt" count="0"/>
        <line num="176" type="stmt" count="0"/>
        <line num="177" type="stmt" count="0"/>
        <line num="178" type="stmt" count="0"/>
        <line num="180" type="stmt" count="0"/>
        <line num="181" type="stmt" count="0"/>
        <line num="182" type="stmt" count="0"/>
        <line num="183" type="stmt" count="0"/>
        <line num="184" type="stmt" count="0"/>
        <line num="186" type="stmt" count="0"/>
        <line num="187" type="stmt" count="0"/>
        <line num="189" type="stmt" count="0"/>
        <line num="191" type="stmt" count="0"/>
        <line num="200" type="method" name="set" crap="6" count="0"/>
        <line num="202" type="stmt" count="0"/>
        <line num="203" type="stmt" count="0"/>
        <line num="204" type="stmt" count="0"/>
        <line num="205" type="stmt" count="0"/>
        <line num="207" type="stmt" count="0"/>
        <line num="218" type="method" name="setPsr4" crap="12" count="0"/>
        <line num="220" type="stmt" count="0"/>
        <line num="221" type="stmt" count="0"/>
        <line num="222" type="stmt" count="0"/>
        <line num="223" type="stmt" count="0"/>
        <line num="224" type="stmt" count="0"/>
        <line num="225" type="stmt" count="0"/>
        <line num="227" type="stmt" count="0"/>
        <line num="228" type="stmt" count="0"/>
        <line num="230" type="stmt" count="0"/>
        <line num="237" type="method" name="setUseIncludePath" crap="2" count="0"/>
        <line num="239" type="stmt" count="0"/>
        <line num="240" type="stmt" count="0"/>
        <line num="248" type="method" name="getUseIncludePath" crap="2" count="0"/>
        <line num="250" type="stmt" count="0"/>
        <line num="259" type="method" name="setClassMapAuthoritative" crap="2" count="0"/>
        <line num="261" type="stmt" count="0"/>
        <line num="262" type="stmt" count="0"/>
        <line num="269" type="method" name="isClassMapAuthoritative" crap="2" count="0"/>
        <line num="271" type="stmt" count="0"/>
        <line num="279" type="method" name="register" crap="2" count="0"/>
        <line num="281" type="stmt" count="0"/>
        <line num="282" type="stmt" count="0"/>
        <line num="287" type="method" name="unregister" crap="2" count="0"/>
        <line num="289" type="stmt" count="0"/>
        <line num="290" type="stmt" count="0"/>
        <line num="298" type="method" name="loadClass" crap="2.06" count="2"/>
        <line num="300" type="stmt" count="2"/>
        <line num="301" type="stmt" count="2"/>
        <line num="303" type="stmt" count="2"/>
        <line num="305" type="stmt" count="0"/>
        <line num="314" type="method" name="findFile" crap="10.86" count="2"/>
        <line num="317" type="stmt" count="2"/>
        <line num="318" type="stmt" count="0"/>
        <line num="319" type="stmt" count="0"/>
        <line num="322" type="stmt" count="2"/>
        <line num="323" type="stmt" count="2"/>
        <line num="325" type="stmt" count="2"/>
        <line num="326" type="stmt" count="0"/>
        <line num="329" type="stmt" count="2"/>
        <line num="332" type="stmt" count="2"/>
        <line num="333" type="stmt" count="0"/>
        <line num="334" type="stmt" count="0"/>
        <line num="336" type="stmt" count="2"/>
        <line num="338" type="stmt" count="0"/>
        <line num="341" type="stmt" count="2"/>
        <line num="344" type="method" name="findFileWithExtension" crap="42.19" count="2"/>
        <line num="347" type="stmt" count="2"/>
        <line num="349" type="stmt" count="2"/>
        <line num="350" type="stmt" count="2"/>
        <line num="351" type="stmt" count="1"/>
        <line num="352" type="stmt" count="1"/>
        <line num="353" type="stmt" count="1"/>
        <line num="354" type="stmt" count="1"/>
        <line num="355" type="stmt" count="1"/>
        <line num="357" type="stmt" count="0"/>
        <line num="358" type="stmt" count="0"/>
        <line num="359" type="stmt" count="1"/>
        <line num="360" type="stmt" count="0"/>
        <line num="363" type="stmt" count="2"/>
        <line num="364" type="stmt" count="0"/>
        <line num="365" type="stmt" count="0"/>
        <line num="367" type="stmt" count="2"/>
        <line num="370" type="stmt" count="2"/>
        <line num="372" type="stmt" count="2"/>
        <line num="373" type="stmt" count="2"/>
        <line num="374" type="stmt" count="2"/>
        <line num="376" type="stmt" count="0"/>
        <line num="379" type="stmt" count="2"/>
        <line num="380" type="stmt" count="2"/>
        <line num="381" type="stmt" count="2"/>
        <line num="382" type="stmt" count="2"/>
        <line num="383" type="stmt" count="2"/>
        <line num="384" type="stmt" count="2"/>
        <line num="386" type="stmt" count="0"/>
        <line num="387" type="stmt" count="0"/>
        <line num="388" type="stmt" count="1"/>
        <line num="389" type="stmt" count="0"/>
        <line num="392" type="stmt" count="0"/>
        <line num="393" type="stmt" count="0"/>
        <line num="394" type="stmt" count="0"/>
        <line num="396" type="stmt" count="0"/>
        <line num="399" type="stmt" count="0"/>
        <line num="400" type="stmt" count="0"/>
        <line num="402" type="stmt" count="0"/>
        <line num="412" type="stmt" count="2"/>
        <line num="413" type="stmt" count="2"/>
        <metrics loc="413" ncloc="257" classes="1" methods="19" coveredmethods="0" conditionals="0" coveredconditionals="0" statements="145" coveredstatements="35" elements="164" coveredelements="35"/>
      </file>
    </package>
    <file name="/Users/ady/PhpstormProjects/sense/vendor/composer/autoload_real.php">
      <class name="ComposerAutoloaderInit3bed20b3c0747504392c60879349d520" namespace="global">
        <metrics methods="2" coveredmethods="0" conditionals="0" coveredconditionals="0" statements="23" coveredstatements="0" elements="25" coveredelements="0"/>
      </class>
      <line num="9" type="method" name="loadClassLoader" crap="6" count="0"/>
      <line num="11" type="stmt" count="0"/>
      <line num="12" type="stmt" count="0"/>
      <line num="13" type="stmt" count="0"/>
      <line num="14" type="stmt" count="0"/>
      <line num="16" type="method" name="getLoader" crap="30" count="0"/>
      <line num="18" type="stmt" count="0"/>
      <line num="19" type="stmt" count="0"/>
      <line num="22" type="stmt" count="0"/>
      <line num="23" type="stmt" count="0"/>
      <line num="24" type="stmt" count="0"/>
      <line num="26" type="stmt" count="0"/>
      <line num="27" type="stmt" count="0"/>
      <line num="28" type="stmt" count="0"/>
      <line num="29" type="stmt" count="0"/>
      <line num="31" type="stmt" count="0"/>
      <line num="32" type="stmt" count="0"/>
      <line num="33" type="stmt" count="0"/>
      <line num="34" type="stmt" count="0"/>
      <line num="36" type="stmt" count="0"/>
      <line num="37" type="stmt" count="0"/>
      <line num="38" type="stmt" count="0"/>
      <line num="39" type="stmt" count="0"/>
      <line num="41" type="stmt" count="0"/>
      <line num="43" type="stmt" count="0"/>
      <line num="49" type="stmt" count="0"/>
      <line num="50" type="stmt" count="0"/>
      <metrics loc="50" ncloc="48" classes="1" methods="2" coveredmethods="0" conditionals="0" coveredconditionals="0" statements="25" coveredstatements="0" elements="27" coveredelements="0"/>
    </file>
    <package name="Pux">
      <file name="/Users/ady/PhpstormProjects/sense/vendor/corneltek/pux/src/Pux/Mux.php">
        <class name="Mux" namespace="Pux">
          <metrics methods="27" coveredmethods="2" conditionals="0" coveredconditionals="0" statements="173" coveredstatements="40" elements="200" coveredelements="42"/>
        </class>
        <line num="7" type="stmt" count="1"/>
        <line num="8" type="stmt" count="1"/>
        <line num="9" type="stmt" count="1"/>
        <line num="10" type="stmt" count="1"/>
        <line num="11" type="stmt" count="1"/>
        <line num="12" type="stmt" count="1"/>
        <line num="13" type="stmt" count="1"/>
        <line num="43" type="method" name="generate_id" crap="2" count="0"/>
        <line num="44" type="stmt" count="0"/>
        <line num="47" type="method" name="getId" crap="6" count="0"/>
        <line num="48" type="stmt" count="0"/>
        <line num="49" type="stmt" count="0"/>
        <line num="51" type="stmt" count="0"/>
        <line num="54" type="method" name="appendRoute" crap="2" count="0"/>
        <line num="55" type="stmt" count="0"/>
        <line num="56" type="stmt" count="0"/>
        <line num="58" type="method" name="appendPCRERoute" crap="2" count="0"/>
        <line num="59" type="stmt" count="0"/>
        <line num="60" type="stmt" count="0"/>
        <line num="61" type="stmt" count="0"/>
        <line num="62" type="stmt" count="0"/>
        <line num="63" type="stmt" count="0"/>
        <line num="65" type="stmt" count="0"/>
        <line num="67" type="method" name="mount" crap="42" count="0"/>
        <line num="69" type="stmt" count="0"/>
        <line num="70" type="stmt" count="0"/>
        <line num="71" type="stmt" count="0"/>
        <line num="73" type="stmt" count="0"/>
        <line num="75" type="stmt" count="0"/>
        <line num="77" type="stmt" count="0"/>
        <line num="78" type="stmt" count="0"/>
        <line num="79" type="stmt" count="0"/>
        <line num="80" type="stmt" count="0"/>
        <line num="81" type="stmt" count="0"/>
        <line num="82" type="stmt" count="0"/>
        <line num="83" type="stmt" count="0"/>
        <line num="84" type="stmt" count="0"/>
        <line num="85" type="stmt" count="0"/>
        <line num="86" type="stmt" count="0"/>
        <line num="87" type="stmt" count="0"/>
        <line num="90" type="stmt" count="0"/>
        <line num="91" type="stmt" count="0"/>
        <line num="92" type="stmt" count="0"/>
        <line num="93" type="stmt" count="0"/>
        <line num="94" type="stmt" count="0"/>
        <line num="96" type="stmt" count="0"/>
        <line num="98" type="method" name="delete" crap="2" count="0"/>
        <line num="100" type="stmt" count="0"/>
        <line num="101" type="stmt" count="0"/>
        <line num="102" type="stmt" count="0"/>
        <line num="104" type="method" name="put" crap="2" count="0"/>
        <line num="106" type="stmt" count="0"/>
        <line num="107" type="stmt" count="0"/>
        <line num="108" type="stmt" count="0"/>
        <line num="110" type="method" name="get" crap="1" count="2"/>
        <line num="112" type="stmt" count="2"/>
        <line num="113" type="stmt" count="2"/>
        <line num="114" type="stmt" count="2"/>
        <line num="116" type="method" name="post" crap="1" count="1"/>
        <line num="118" type="stmt" count="1"/>
        <line num="119" type="stmt" count="1"/>
        <line num="120" type="stmt" count="1"/>
        <line num="122" type="method" name="patch" crap="2" count="0"/>
        <line num="124" type="stmt" count="0"/>
        <line num="125" type="stmt" count="0"/>
        <line num="126" type="stmt" count="0"/>
        <line num="129" type="method" name="head" crap="2" count="0"/>
        <line num="131" type="stmt" count="0"/>
        <line num="132" type="stmt" count="0"/>
        <line num="133" type="stmt" count="0"/>
        <line num="136" type="method" name="options" crap="2" count="0"/>
        <line num="138" type="stmt" count="0"/>
        <line num="139" type="stmt" count="0"/>
        <line num="140" type="stmt" count="0"/>
        <line num="142" type="method" name="any" crap="2" count="0"/>
        <line num="143" type="stmt" count="0"/>
        <line num="144" type="stmt" count="0"/>
        <line num="146" type="method" name="add" crap="11.72" count="2"/>
        <line num="148" type="stmt" count="2"/>
        <line num="149" type="stmt" count="0"/>
        <line num="150" type="stmt" count="0"/>
        <line num="153" type="stmt" count="2"/>
        <line num="154" type="stmt" count="2"/>
        <line num="155" type="stmt" count="2"/>
        <line num="159" type="stmt" count="2"/>
        <line num="160" type="stmt" count="2"/>
        <line num="161" type="stmt" count="2"/>
        <line num="162" type="stmt" count="2"/>
        <line num="163" type="stmt" count="2"/>
        <line num="164" type="stmt" count="2"/>
        <line num="165" type="stmt" count="0"/>
        <line num="166" type="stmt" count="0"/>
        <line num="167" type="stmt" count="2"/>
        <line num="170" type="stmt" count="0"/>
        <line num="171" type="stmt" count="0"/>
        <line num="172" type="stmt" count="0"/>
        <line num="173" type="stmt" count="0"/>
        <line num="174" type="stmt" count="0"/>
        <line num="175" type="stmt" count="0"/>
        <line num="176" type="stmt" count="0"/>
        <line num="177" type="stmt" count="0"/>
        <line num="179" type="stmt" count="0"/>
        <line num="183" type="method" name="getRoute" crap="6" count="0"/>
        <line num="184" type="stmt" count="0"/>
        <line num="185" type="stmt" count="0"/>
        <line num="188" type="stmt" count="0"/>
        <line num="190" type="method" name="sort" crap="2" count="0"/>
        <line num="192" type="stmt" count="0"/>
        <line num="193" type="stmt" count="0"/>
        <line num="195" type="method" name="sort_routes" crap="56" count="0"/>
        <line num="196" type="stmt" count="0"/>
        <line num="197" type="stmt" count="0"/>
        <line num="198" type="stmt" count="0"/>
        <line num="199" type="stmt" count="0"/>
        <line num="200" type="stmt" count="0"/>
        <line num="201" type="stmt" count="0"/>
        <line num="203" type="stmt" count="0"/>
        <line num="204" type="stmt" count="0"/>
        <line num="205" type="stmt" count="0"/>
        <line num="206" type="stmt" count="0"/>
        <line num="208" type="stmt" count="0"/>
        <line num="213" type="method" name="compile" crap="6" count="0"/>
        <line num="216" type="stmt" count="0"/>
        <line num="217" type="stmt" count="0"/>
        <line num="218" type="stmt" count="0"/>
        <line num="220" type="stmt" count="0"/>
        <line num="221" type="stmt" count="0"/>
        <line num="224" type="method" name="getSubMux" crap="6" count="0"/>
        <line num="226" type="stmt" count="0"/>
        <line num="227" type="stmt" count="0"/>
        <line num="229" type="stmt" count="0"/>
        <line num="232" type="method" name="getRequestMethodConstant" crap="38.11" count="1"/>
        <line num="233" type="stmt" count="1"/>
        <line num="234" type="stmt" count="1"/>
        <line num="235" type="stmt" count="0"/>
        <line num="236" type="stmt" count="1"/>
        <line num="237" type="stmt" count="1"/>
        <line num="238" type="stmt" count="0"/>
        <line num="239" type="stmt" count="0"/>
        <line num="240" type="stmt" count="0"/>
        <line num="241" type="stmt" count="0"/>
        <line num="242" type="stmt" count="0"/>
        <line num="243" type="stmt" count="0"/>
        <line num="244" type="stmt" count="0"/>
        <line num="245" type="stmt" count="0"/>
        <line num="246" type="stmt" count="0"/>
        <line num="247" type="stmt" count="0"/>
        <line num="248" type="stmt" count="0"/>
        <line num="249" type="stmt" count="0"/>
        <line num="250" type="stmt" count="0"/>
        <line num="253" type="method" name="match" crap="44.26" count="1"/>
        <line num="254" type="stmt" count="1"/>
        <line num="256" type="stmt" count="1"/>
        <line num="257" type="stmt" count="1"/>
        <line num="258" type="stmt" count="1"/>
        <line num="259" type="stmt" count="1"/>
        <line num="261" type="stmt" count="1"/>
        <line num="264" type="stmt" count="1"/>
        <line num="265" type="stmt" count="1"/>
        <line num="266" type="stmt" count="1"/>
        <line num="267" type="stmt" count="1"/>
        <line num="268" type="stmt" count="1"/>
        <line num="269" type="stmt" count="1"/>
        <line num="270" type="stmt" count="1"/>
        <line num="273" type="stmt" count="0"/>
        <line num="275" type="stmt" count="0"/>
        <line num="276" type="stmt" count="0"/>
        <line num="277" type="stmt" count="0"/>
        <line num="278" type="stmt" count="0"/>
        <line num="279" type="stmt" count="0"/>
        <line num="280" type="stmt" count="0"/>
        <line num="281" type="stmt" count="0"/>
        <line num="283" type="stmt" count="0"/>
        <line num="286" type="stmt" count="1"/>
        <line num="287" type="stmt" count="1"/>
        <line num="289" type="method" name="dispatch" crap="12.41" count="1"/>
        <line num="290" type="stmt" count="1"/>
        <line num="291" type="stmt" count="1"/>
        <line num="292" type="stmt" count="0"/>
        <line num="296" type="stmt" count="0"/>
        <line num="297" type="stmt" count="0"/>
        <line num="298" type="stmt" count="0"/>
        <line num="300" type="stmt" count="0"/>
        <line num="301" type="stmt" count="0"/>
        <line num="302" type="stmt" count="0"/>
        <line num="303" type="stmt" count="0"/>
        <line num="306" type="stmt" count="1"/>
        <line num="309" type="stmt" count="1"/>
        <line num="311" type="method" name="length" crap="2" count="0"/>
        <line num="313" type="stmt" count="0"/>
        <line num="316" type="method" name="getRoutes" crap="2" count="0"/>
        <line num="318" type="stmt" count="0"/>
        <line num="321" type="method" name="setRoutes" crap="2" count="0"/>
        <line num="323" type="stmt" count="0"/>
        <line num="324" type="stmt" count="0"/>
        <line num="326" type="method" name="export" crap="2" count="0"/>
        <line num="327" type="stmt" count="0"/>
        <line num="330" type="method" name="__set_state" crap="6" count="0"/>
        <line num="331" type="stmt" count="0"/>
        <line num="332" type="stmt" count="0"/>
        <line num="333" type="stmt" count="0"/>
        <line num="334" type="stmt" count="0"/>
        <line num="335" type="stmt" count="0"/>
        <line num="336" type="stmt" count="0"/>
        <line num="337" type="stmt" count="0"/>
        <line num="338" type="stmt" count="0"/>
        <line num="339" type="stmt" count="0"/>
        <metrics loc="344" ncloc="306" classes="1" methods="27" coveredmethods="2" conditionals="0" coveredconditionals="0" statements="180" coveredstatements="47" elements="207" coveredelements="49"/>
      </file>
      <file name="/Users/ady/PhpstormProjects/sense/vendor/corneltek/pux/src/Pux/PatternCompiler.php">
        <class name="PatternCompiler" namespace="Pux">
          <metrics methods="3" coveredmethods="2" conditionals="0" coveredconditionals="0" statements="91" coveredstatements="51" elements="94" coveredelements="53"/>
        </class>
        <line num="25" type="method" name="compilePattern" crap="74.26" count="2"/>
        <line num="28" type="stmt" count="2"/>
        <line num="36" type="stmt" count="2"/>
        <line num="37" type="stmt" count="2"/>
        <line num="38" type="stmt" count="2"/>
        <line num="53" type="stmt" count="2"/>
        <line num="57" type="stmt" count="2"/>
        <line num="65" type="stmt" count="2"/>
        <line num="66" type="stmt" count="0"/>
        <line num="67" type="stmt" count="0"/>
        <line num="70" type="stmt" count="2"/>
        <line num="71" type="stmt" count="2"/>
        <line num="75" type="stmt" count="2"/>
        <line num="76" type="stmt" count="0"/>
        <line num="77" type="stmt" count="0"/>
        <line num="78" type="stmt" count="0"/>
        <line num="79" type="stmt" count="0"/>
        <line num="80" type="stmt" count="0"/>
        <line num="81" type="stmt" count="0"/>
        <line num="83" type="stmt" count="0"/>
        <line num="84" type="stmt" count="0"/>
        <line num="85" type="stmt" count="0"/>
        <line num="86" type="stmt" count="0"/>
        <line num="88" type="stmt" count="0"/>
        <line num="89" type="stmt" count="0"/>
        <line num="90" type="stmt" count="0"/>
        <line num="91" type="stmt" count="0"/>
        <line num="93" type="stmt" count="2"/>
        <line num="96" type="stmt" count="2"/>
        <line num="97" type="stmt" count="2"/>
        <line num="98" type="stmt" count="2"/>
        <line num="99" type="stmt" count="0"/>
        <line num="100" type="stmt" count="0"/>
        <line num="101" type="stmt" count="0"/>
        <line num="103" type="stmt" count="0"/>
        <line num="107" type="stmt" count="2"/>
        <line num="108" type="stmt" count="2"/>
        <line num="109" type="stmt" count="2"/>
        <line num="110" type="stmt" count="2"/>
        <line num="113" type="stmt" count="2"/>
        <line num="115" type="stmt" count="2"/>
        <line num="117" type="stmt" count="2"/>
        <line num="118" type="stmt" count="0"/>
        <line num="119" type="stmt" count="0"/>
        <line num="122" type="stmt" count="2"/>
        <line num="123" type="stmt" count="2"/>
        <line num="124" type="stmt" count="2"/>
        <line num="125" type="stmt" count="2"/>
        <line num="126" type="stmt" count="2"/>
        <line num="127" type="stmt" count="2"/>
        <line num="128" type="stmt" count="2"/>
        <line num="131" type="stmt" count="0"/>
        <line num="133" type="stmt" count="2"/>
        <line num="136" type="stmt" count="2"/>
        <line num="139" type="stmt" count="2"/>
        <line num="149" type="stmt" count="2"/>
        <line num="150" type="stmt" count="2"/>
        <line num="151" type="stmt" count="2"/>
        <line num="154" type="stmt" count="2"/>
        <line num="157" type="stmt" count="2"/>
        <line num="159" type="stmt" count="2"/>
        <line num="160" type="stmt" count="0"/>
        <line num="162" type="stmt" count="0"/>
        <line num="163" type="stmt" count="0"/>
        <line num="164" type="stmt" count="0"/>
        <line num="165" type="stmt" count="0"/>
        <line num="166" type="stmt" count="0"/>
        <line num="168" type="stmt" count="0"/>
        <line num="169" type="stmt" count="0"/>
        <line num="170" type="stmt" count="0"/>
        <line num="172" type="stmt" count="0"/>
        <line num="173" type="stmt" count="0"/>
        <line num="174" type="stmt" count="0"/>
        <line num="175" type="stmt" count="0"/>
        <line num="176" type="stmt" count="0"/>
        <line num="177" type="stmt" count="0"/>
        <line num="178" type="stmt" count="0"/>
        <line num="179" type="stmt" count="0"/>
        <line num="183" type="stmt" count="2"/>
        <line num="184" type="stmt" count="2"/>
        <line num="185" type="stmt" count="2"/>
        <line num="188" type="stmt" count="2"/>
        <line num="189" type="stmt" count="2"/>
        <line num="190" type="stmt" count="2"/>
        <line num="191" type="stmt" count="2"/>
        <line num="202" type="method" name="splitTokens" crap="1" count="2"/>
        <line num="205" type="stmt" count="2"/>
        <line num="212" type="stmt" count="2"/>
        <line num="213" type="stmt" count="2"/>
        <line num="223" type="method" name="compile" crap="1" count="2"/>
        <line num="225" type="stmt" count="2"/>
        <line num="228" type="stmt" count="2"/>
        <line num="229" type="stmt" count="2"/>
        <line num="230" type="stmt" count="2"/>
        <metrics loc="234" ncloc="128" classes="1" methods="3" coveredmethods="2" conditionals="0" coveredconditionals="0" statements="91" coveredstatements="51" elements="94" coveredelements="53"/>
      </file>
    </package>
    <package name="Pimple">
      <file name="/Users/ady/PhpstormProjects/sense/vendor/pimple/pimple/src/Pimple/Container.php">
        <class name="Container" namespace="Pimple">
          <metrics methods="12" coveredmethods="1" conditionals="0" coveredconditionals="0" statements="62" coveredstatements="22" elements="74" coveredelements="23"/>
        </class>
        <line num="50" type="method" name="__construct" crap="2.02" count="2"/>
        <line num="52" type="stmt" count="2"/>
        <line num="53" type="stmt" count="2"/>
        <line num="55" type="stmt" count="2"/>
        <line num="56" type="stmt" count="0"/>
        <line num="57" type="stmt" count="2"/>
        <line num="58" type="stmt" count="2"/>
        <line num="73" type="method" name="offsetSet" crap="2.03" count="2"/>
        <line num="75" type="stmt" count="2"/>
        <line num="76" type="stmt" count="0"/>
        <line num="79" type="stmt" count="2"/>
        <line num="80" type="stmt" count="2"/>
        <line num="81" type="stmt" count="2"/>
        <line num="92" type="method" name="offsetGet" crap="14.43" count="3"/>
        <line num="94" type="stmt" count="3"/>
        <line num="95" type="stmt" count="0"/>
        <line num="99" type="stmt" count="3"/>
        <line num="100" type="stmt" count="3"/>
        <line num="101" type="stmt" count="3"/>
        <line num="102" type="stmt" count="2"/>
        <line num="103" type="stmt" count="3"/>
        <line num="104" type="stmt" count="3"/>
        <line num="107" type="stmt" count="0"/>
        <line num="108" type="stmt" count="0"/>
        <line num="111" type="stmt" count="0"/>
        <line num="112" type="stmt" count="0"/>
        <line num="113" type="stmt" count="0"/>
        <line num="115" type="stmt" count="0"/>
        <line num="117" type="stmt" count="0"/>
        <line num="127" type="method" name="offsetExists" crap="1" count="3"/>
        <line num="129" type="stmt" count="3"/>
        <line num="137" type="method" name="offsetUnset" crap="3.21" count="1"/>
        <line num="139" type="stmt" count="1"/>
        <line num="140" type="stmt" count="1"/>
        <line num="141" type="stmt" count="0"/>
        <line num="142" type="stmt" count="0"/>
        <line num="144" type="stmt" count="1"/>
        <line num="145" type="stmt" count="1"/>
        <line num="146" type="stmt" count="1"/>
        <line num="157" type="method" name="factory" crap="6" count="0"/>
        <line num="159" type="stmt" count="0"/>
        <line num="160" type="stmt" count="0"/>
        <line num="163" type="stmt" count="0"/>
        <line num="165" type="stmt" count="0"/>
        <line num="179" type="method" name="protect" crap="6" count="0"/>
        <line num="181" type="stmt" count="0"/>
        <line num="182" type="stmt" count="0"/>
        <line num="185" type="stmt" count="0"/>
        <line num="187" type="stmt" count="0"/>
        <line num="199" type="method" name="raw" crap="12" count="0"/>
        <line num="201" type="stmt" count="0"/>
        <line num="202" type="stmt" count="0"/>
        <line num="205" type="stmt" count="0"/>
        <line num="206" type="stmt" count="0"/>
        <line num="209" type="stmt" count="0"/>
        <line num="225" type="method" name="extend" crap="56" count="0"/>
        <line num="227" type="stmt" count="0"/>
        <line num="228" type="stmt" count="0"/>
        <line num="231" type="stmt" count="0"/>
        <line num="232" type="stmt" count="0"/>
        <line num="235" type="stmt" count="0"/>
        <line num="236" type="stmt" count="0"/>
        <line num="239" type="stmt" count="0"/>
        <line num="241" type="method" name="anonymous function" crap="2" count="0"/>
        <line num="242" type="stmt" count="0"/>
        <line num="243" type="stmt" count="0"/>
        <line num="245" type="stmt" count="0"/>
        <line num="246" type="stmt" count="0"/>
        <line num="247" type="stmt" count="0"/>
        <line num="248" type="stmt" count="0"/>
        <line num="250" type="stmt" count="0"/>
        <line num="258" type="method" name="keys" crap="2" count="0"/>
        <line num="260" type="stmt" count="0"/>
        <line num="271" type="method" name="register" crap="6" count="0"/>
        <line num="273" type="stmt" count="0"/>
        <line num="275" type="stmt" count="0"/>
        <line num="276" type="stmt" count="0"/>
        <line num="277" type="stmt" count="0"/>
        <line num="279" type="stmt" count="0"/>
        <metrics loc="281" ncloc="157" classes="1" methods="12" coveredmethods="1" conditionals="0" coveredconditionals="0" statements="67" coveredstatements="22" elements="79" coveredelements="23"/>
      </file>
    </package>
    <package name="Zend\Http">
      <file name="/Users/ady/PhpstormProjects/sense/vendor/zendframework/zend-http/src/AbstractMessage.php">
        <class name="AbstractMessage" namespace="Zend\Http">
          <metrics methods="5" coveredmethods="0" conditionals="0" coveredconditionals="0" statements="13" coveredstatements="0" elements="18" coveredelements="0"/>
        </class>
        <line num="46" type="method" name="setVersion" crap="12" count="0"/>
        <line num="48" type="stmt" count="0"/>
        <line num="49" type="stmt" count="0"/>
        <line num="51" type="stmt" count="0"/>
        <line num="53" type="stmt" count="0"/>
        <line num="54" type="stmt" count="0"/>
        <line num="62" type="method" name="getVersion" crap="2" count="0"/>
        <line num="64" type="stmt" count="0"/>
        <line num="75" type="method" name="setHeaders" crap="2" count="0"/>
        <line num="77" type="stmt" count="0"/>
        <line num="78" type="stmt" count="0"/>
        <line num="86" type="method" name="getHeaders" crap="20" count="0"/>
        <line num="88" type="stmt" count="0"/>
        <line num="90" type="stmt" count="0"/>
        <line num="91" type="stmt" count="0"/>
        <line num="93" type="stmt" count="0"/>
        <line num="101" type="method" name="__toString" crap="2" count="0"/>
        <line num="103" type="stmt" count="0"/>
        <metrics loc="105" ncloc="50" classes="1" methods="5" coveredmethods="0" conditionals="0" coveredconditionals="0" statements="13" coveredstatements="0" elements="18" coveredelements="0"/>
      </file>
      <file name="/Users/ady/PhpstormProjects/sense/vendor/zendframework/zend-http/src/Headers.php">
        <class name="Headers" namespace="Zend\Http">
          <metrics methods="21" coveredmethods="1" conditionals="0" coveredconditionals="0" statements="166" coveredstatements="8" elements="187" coveredelements="9"/>
        </class>
        <line num="52" type="method" name="fromString" crap="90" count="0"/>
        <line num="54" type="stmt" count="0"/>
        <line num="55" type="stmt" count="0"/>
        <line num="56" type="stmt" count="0"/>
        <line num="59" type="stmt" count="0"/>
        <line num="62" type="stmt" count="0"/>
        <line num="64" type="stmt" count="0"/>
        <line num="65" type="stmt" count="0"/>
        <line num="66" type="stmt" count="0"/>
        <line num="68" type="stmt" count="0"/>
        <line num="71" type="stmt" count="0"/>
        <line num="72" type="stmt" count="0"/>
        <line num="76" type="stmt" count="0"/>
        <line num="77" type="stmt" count="0"/>
        <line num="79" type="stmt" count="0"/>
        <line num="80" type="stmt" count="0"/>
        <line num="81" type="stmt" count="0"/>
        <line num="83" type="stmt" count="0"/>
        <line num="84" type="stmt" count="0"/>
        <line num="85" type="stmt" count="0"/>
        <line num="87" type="stmt" count="0"/>
        <line num="90" type="stmt" count="0"/>
        <line num="92" type="stmt" count="0"/>
        <line num="93" type="stmt" count="0"/>
        <line num="97" type="stmt" count="0"/>
        <line num="98" type="stmt" count="0"/>
        <line num="100" type="stmt" count="0"/>
        <line num="101" type="stmt" count="0"/>
        <line num="102" type="stmt" count="0"/>
        <line num="103" type="stmt" count="0"/>
        <line num="104" type="stmt" count="0"/>
        <line num="105" type="stmt" count="0"/>
        <line num="106" type="stmt" count="0"/>
        <line num="115" type="method" name="setPluginClassLoader" crap="2" count="0"/>
        <line num="117" type="stmt" count="0"/>
        <line num="118" type="stmt" count="0"/>
        <line num="126" type="method" name="getPluginClassLoader" crap="6" count="0"/>
        <line num="128" type="stmt" count="0"/>
        <line num="129" type="stmt" count="0"/>
        <line num="130" type="stmt" count="0"/>
        <line num="131" type="stmt" count="0"/>
        <line num="143" type="method" name="addHeaders" crap="102.66" count="2"/>
        <line num="145" type="stmt" count="2"/>
        <line num="146" type="stmt" count="0"/>
        <line num="147" type="stmt" count="0"/>
        <line num="148" type="stmt" count="0"/>
        <line num="149" type="stmt" count="0"/>
        <line num="152" type="stmt" count="2"/>
        <line num="153" type="stmt" count="0"/>
        <line num="154" type="stmt" count="0"/>
        <line num="155" type="stmt" count="0"/>
        <line num="156" type="stmt" count="0"/>
        <line num="157" type="stmt" count="0"/>
        <line num="158" type="stmt" count="0"/>
        <line num="159" type="stmt" count="0"/>
        <line num="160" type="stmt" count="0"/>
        <line num="161" type="stmt" count="0"/>
        <line num="162" type="stmt" count="0"/>
        <line num="163" type="stmt" count="0"/>
        <line num="164" type="stmt" count="0"/>
        <line num="165" type="stmt" count="0"/>
        <line num="166" type="stmt" count="2"/>
        <line num="168" type="stmt" count="2"/>
        <line num="182" type="method" name="addHeaderLine" crap="30" count="0"/>
        <line num="184" type="stmt" count="0"/>
        <line num="185" type="stmt" count="0"/>
        <line num="186" type="stmt" count="0"/>
        <line num="188" type="stmt" count="0"/>
        <line num="189" type="stmt" count="0"/>
        <line num="190" type="stmt" count="0"/>
        <line num="191" type="stmt" count="0"/>
        <line num="192" type="stmt" count="0"/>
        <line num="194" type="stmt" count="0"/>
        <line num="195" type="stmt" count="0"/>
        <line num="196" type="stmt" count="0"/>
        <line num="197" type="stmt" count="0"/>
        <line num="198" type="stmt" count="0"/>
        <line num="199" type="stmt" count="0"/>
        <line num="202" type="stmt" count="0"/>
        <line num="203" type="stmt" count="0"/>
        <line num="205" type="stmt" count="0"/>
        <line num="214" type="method" name="addHeader" crap="2" count="0"/>
        <line num="216" type="stmt" count="0"/>
        <line num="217" type="stmt" count="0"/>
        <line num="219" type="stmt" count="0"/>
        <line num="228" type="method" name="removeHeader" crap="6" count="0"/>
        <line num="230" type="stmt" count="0"/>
        <line num="231" type="stmt" count="0"/>
        <line num="232" type="stmt" count="0"/>
        <line num="233" type="stmt" count="0"/>
        <line num="235" type="stmt" count="0"/>
        <line num="237" type="stmt" count="0"/>
        <line num="247" type="method" name="clearHeaders" crap="2" count="0"/>
        <line num="249" type="stmt" count="0"/>
        <line num="250" type="stmt" count="0"/>
        <line num="259" type="method" name="get" crap="60.01" count="2"/>
        <line num="261" type="stmt" count="2"/>
        <line num="262" type="stmt" count="2"/>
        <line num="263" type="stmt" count="2"/>
        <line num="266" type="stmt" count="0"/>
        <line num="268" type="stmt" count="0"/>
        <line num="269" type="stmt" count="0"/>
        <line num="270" type="stmt" count="0"/>
        <line num="271" type="stmt" count="0"/>
        <line num="272" type="stmt" count="0"/>
        <line num="273" type="stmt" count="0"/>
        <line num="274" type="stmt" count="0"/>
        <line num="275" type="stmt" count="0"/>
        <line num="276" type="stmt" count="0"/>
        <line num="277" type="stmt" count="0"/>
        <line num="278" type="stmt" count="0"/>
        <line num="281" type="stmt" count="0"/>
        <line num="282" type="stmt" count="0"/>
        <line num="283" type="stmt" count="0"/>
        <line num="286" type="stmt" count="0"/>
        <line num="287" type="stmt" count="0"/>
        <line num="289" type="stmt" count="0"/>
        <line num="298" type="method" name="has" crap="2" count="0"/>
        <line num="300" type="stmt" count="0"/>
        <line num="308" type="method" name="next" crap="2" count="0"/>
        <line num="310" type="stmt" count="0"/>
        <line num="311" type="stmt" count="0"/>
        <line num="318" type="method" name="key" crap="2" count="0"/>
        <line num="320" type="stmt" count="0"/>
        <line num="328" type="method" name="valid" crap="2" count="0"/>
        <line num="330" type="stmt" count="0"/>
        <line num="338" type="method" name="rewind" crap="2" count="0"/>
        <line num="340" type="stmt" count="0"/>
        <line num="341" type="stmt" count="0"/>
        <line num="348" type="method" name="current" crap="6" count="0"/>
        <line num="350" type="stmt" count="0"/>
        <line num="351" type="stmt" count="0"/>
        <line num="352" type="stmt" count="0"/>
        <line num="353" type="stmt" count="0"/>
        <line num="354" type="stmt" count="0"/>
        <line num="363" type="method" name="count" crap="2" count="0"/>
        <line num="365" type="stmt" count="0"/>
        <line num="376" type="method" name="toString" crap="20" count="0"/>
        <line num="378" type="stmt" count="0"/>
        <line num="379" type="stmt" count="0"/>
        <line num="380" type="stmt" count="0"/>
        <line num="382" type="stmt" count="0"/>
        <line num="383" type="stmt" count="0"/>
        <line num="384" type="stmt" count="0"/>
        <line num="385" type="stmt" count="0"/>
        <line num="388" type="stmt" count="0"/>
        <line num="389" type="stmt" count="0"/>
        <line num="390" type="stmt" count="0"/>
        <line num="399" type="method" name="toArray" crap="42" count="0"/>
        <line num="401" type="stmt" count="0"/>
        <line num="403" type="stmt" count="0"/>
        <line num="404" type="stmt" count="0"/>
        <line num="405" type="stmt" count="0"/>
        <line num="406" type="stmt" count="0"/>
        <line num="407" type="stmt" count="0"/>
        <line num="408" type="stmt" count="0"/>
        <line num="409" type="stmt" count="0"/>
        <line num="410" type="stmt" count="0"/>
        <line num="411" type="stmt" count="0"/>
        <line num="412" type="stmt" count="0"/>
        <line num="413" type="stmt" count="0"/>
        <line num="414" type="stmt" count="0"/>
        <line num="415" type="stmt" count="0"/>
        <line num="416" type="stmt" count="0"/>
        <line num="417" type="stmt" count="0"/>
        <line num="419" type="stmt" count="0"/>
        <line num="420" type="stmt" count="0"/>
        <line num="428" type="method" name="forceLoading" crap="6" count="0"/>
        <line num="430" type="stmt" count="0"/>
        <line num="432" type="stmt" count="0"/>
        <line num="433" type="stmt" count="0"/>
        <line num="440" type="method" name="lazyLoadHeader" crap="20" count="0"/>
        <line num="442" type="stmt" count="0"/>
        <line num="444" type="stmt" count="0"/>
        <line num="446" type="stmt" count="0"/>
        <line num="448" type="stmt" count="0"/>
        <line num="449" type="stmt" count="0"/>
        <line num="450" type="stmt" count="0"/>
        <line num="451" type="stmt" count="0"/>
        <line num="452" type="stmt" count="0"/>
        <line num="453" type="stmt" count="0"/>
        <line num="454" type="stmt" count="0"/>
        <line num="455" type="stmt" count="0"/>
        <line num="458" type="stmt" count="0"/>
        <line num="459" type="stmt" count="0"/>
        <line num="468" type="method" name="createKey" crap="1" count="2"/>
        <line num="470" type="stmt" count="2"/>
        <metrics loc="472" ncloc="291" classes="1" methods="21" coveredmethods="1" conditionals="0" coveredconditionals="0" statements="166" coveredstatements="8" elements="187" coveredelements="9"/>
      </file>
      <file name="/Users/ady/PhpstormProjects/sense/vendor/zendframework/zend-http/src/Request.php">
        <class name="Request" namespace="Zend\Http">
          <metrics methods="31" coveredmethods="1" conditionals="0" coveredconditionals="0" statements="142" coveredstatements="11" elements="173" coveredelements="12"/>
        </class>
        <line num="78" type="method" name="fromString" crap="210" count="0"/>
        <line num="80" type="stmt" count="0"/>
        <line num="81" type="stmt" count="0"/>
        <line num="83" type="stmt" count="0"/>
        <line num="86" type="stmt" count="0"/>
        <line num="88" type="stmt" count="0"/>
        <line num="89" type="stmt" count="0"/>
        <line num="90" type="stmt" count="0"/>
        <line num="92" type="stmt" count="0"/>
        <line num="93" type="stmt" count="0"/>
        <line num="94" type="stmt" count="0"/>
        <line num="95" type="stmt" count="0"/>
        <line num="96" type="stmt" count="0"/>
        <line num="97" type="stmt" count="0"/>
        <line num="98" type="stmt" count="0"/>
        <line num="99" type="stmt" count="0"/>
        <line num="101" type="stmt" count="0"/>
        <line num="102" type="stmt" count="0"/>
        <line num="104" type="stmt" count="0"/>
        <line num="105" type="stmt" count="0"/>
        <line num="106" type="stmt" count="0"/>
        <line num="107" type="stmt" count="0"/>
        <line num="109" type="stmt" count="0"/>
        <line num="112" type="stmt" count="0"/>
        <line num="113" type="stmt" count="0"/>
        <line num="115" type="stmt" count="0"/>
        <line num="116" type="stmt" count="0"/>
        <line num="117" type="stmt" count="0"/>
        <line num="118" type="stmt" count="0"/>
        <line num="119" type="stmt" count="0"/>
        <line num="120" type="stmt" count="0"/>
        <line num="122" type="stmt" count="0"/>
        <line num="123" type="stmt" count="0"/>
        <line num="124" type="stmt" count="0"/>
        <line num="126" type="stmt" count="0"/>
        <line num="127" type="stmt" count="0"/>
        <line num="130" type="stmt" count="0"/>
        <line num="131" type="stmt" count="0"/>
        <line num="132" type="stmt" count="0"/>
        <line num="133" type="stmt" count="0"/>
        <line num="134" type="stmt" count="0"/>
        <line num="135" type="stmt" count="0"/>
        <line num="136" type="stmt" count="0"/>
        <line num="139" type="stmt" count="0"/>
        <line num="140" type="stmt" count="0"/>
        <line num="141" type="stmt" count="0"/>
        <line num="143" type="stmt" count="0"/>
        <line num="144" type="stmt" count="0"/>
        <line num="148" type="stmt" count="0"/>
        <line num="149" type="stmt" count="0"/>
        <line num="150" type="stmt" count="0"/>
        <line num="151" type="stmt" count="0"/>
        <line num="154" type="stmt" count="0"/>
        <line num="155" type="stmt" count="0"/>
        <line num="157" type="stmt" count="0"/>
        <line num="158" type="stmt" count="0"/>
        <line num="159" type="stmt" count="0"/>
        <line num="161" type="stmt" count="0"/>
        <line num="162" type="stmt" count="0"/>
        <line num="163" type="stmt" count="0"/>
        <line num="165" type="stmt" count="0"/>
        <line num="175" type="method" name="setMethod" crap="12" count="0"/>
        <line num="177" type="stmt" count="0"/>
        <line num="178" type="stmt" count="0"/>
        <line num="179" type="stmt" count="0"/>
        <line num="181" type="stmt" count="0"/>
        <line num="182" type="stmt" count="0"/>
        <line num="190" type="method" name="getMethod" crap="2" count="0"/>
        <line num="192" type="stmt" count="0"/>
        <line num="202" type="method" name="setUri" crap="8.74" count="2"/>
        <line num="204" type="stmt" count="2"/>
        <line num="206" type="stmt" count="0"/>
        <line num="207" type="stmt" count="0"/>
        <line num="208" type="stmt" count="0"/>
        <line num="209" type="stmt" count="0"/>
        <line num="210" type="stmt" count="0"/>
        <line num="212" type="stmt" count="0"/>
        <line num="214" type="stmt" count="2"/>
        <line num="215" type="stmt" count="0"/>
        <line num="217" type="stmt" count="0"/>
        <line num="219" type="stmt" count="2"/>
        <line num="221" type="stmt" count="2"/>
        <line num="229" type="method" name="getUri" crap="12" count="0"/>
        <line num="231" type="stmt" count="0"/>
        <line num="232" type="stmt" count="0"/>
        <line num="233" type="stmt" count="0"/>
        <line num="234" type="stmt" count="0"/>
        <line num="242" type="method" name="getUriString" crap="6" count="0"/>
        <line num="244" type="stmt" count="0"/>
        <line num="245" type="stmt" count="0"/>
        <line num="247" type="stmt" count="0"/>
        <line num="257" type="method" name="setQuery" crap="2" count="0"/>
        <line num="259" type="stmt" count="0"/>
        <line num="260" type="stmt" count="0"/>
        <line num="270" type="method" name="getQuery" crap="12" count="0"/>
        <line num="272" type="stmt" count="0"/>
        <line num="273" type="stmt" count="0"/>
        <line num="274" type="stmt" count="0"/>
        <line num="276" type="stmt" count="0"/>
        <line num="277" type="stmt" count="0"/>
        <line num="280" type="stmt" count="0"/>
        <line num="290" type="method" name="setPost" crap="2" count="0"/>
        <line num="292" type="stmt" count="0"/>
        <line num="293" type="stmt" count="0"/>
        <line num="303" type="method" name="getPost" crap="12" count="0"/>
        <line num="305" type="stmt" count="0"/>
        <line num="306" type="stmt" count="0"/>
        <line num="307" type="stmt" count="0"/>
        <line num="309" type="stmt" count="0"/>
        <line num="310" type="stmt" count="0"/>
        <line num="313" type="stmt" count="0"/>
        <line num="322" type="method" name="getCookie" crap="2" count="0"/>
        <line num="324" type="stmt" count="0"/>
        <line num="334" type="method" name="setFiles" crap="2" count="0"/>
        <line num="336" type="stmt" count="0"/>
        <line num="337" type="stmt" count="0"/>
        <line num="347" type="method" name="getFiles" crap="12" count="0"/>
        <line num="349" type="stmt" count="0"/>
        <line num="350" type="stmt" count="0"/>
        <line num="351" type="stmt" count="0"/>
        <line num="353" type="stmt" count="0"/>
        <line num="354" type="stmt" count="0"/>
        <line num="357" type="stmt" count="0"/>
        <line num="368" type="method" name="getHeaders" crap="7.90" count="2"/>
        <line num="370" type="stmt" count="2"/>
        <line num="372" type="stmt" count="2"/>
        <line num="373" type="stmt" count="2"/>
        <line num="375" type="stmt" count="2"/>
        <line num="376" type="stmt" count="2"/>
        <line num="379" type="stmt" count="0"/>
        <line num="380" type="stmt" count="0"/>
        <line num="383" type="stmt" count="0"/>
        <line num="394" type="method" name="getHeader" crap="2" count="0"/>
        <line num="396" type="stmt" count="0"/>
        <line num="404" type="method" name="isOptions" crap="2" count="0"/>
        <line num="406" type="stmt" count="0"/>
        <line num="414" type="method" name="isPropFind" crap="2" count="0"/>
        <line num="416" type="stmt" count="0"/>
        <line num="424" type="method" name="isGet" crap="2" count="0"/>
        <line num="426" type="stmt" count="0"/>
        <line num="434" type="method" name="isHead" crap="2" count="0"/>
        <line num="436" type="stmt" count="0"/>
        <line num="444" type="method" name="isPost" crap="2" count="0"/>
        <line num="446" type="stmt" count="0"/>
        <line num="454" type="method" name="isPut" crap="2" count="0"/>
        <line num="456" type="stmt" count="0"/>
        <line num="464" type="method" name="isDelete" crap="2" count="0"/>
        <line num="466" type="stmt" count="0"/>
        <line num="474" type="method" name="isTrace" crap="2" count="0"/>
        <line num="476" type="stmt" count="0"/>
        <line num="484" type="method" name="isConnect" crap="2" count="0"/>
        <line num="486" type="stmt" count="0"/>
        <line num="494" type="method" name="isPatch" crap="2" count="0"/>
        <line num="496" type="stmt" count="0"/>
        <line num="506" type="method" name="isXmlHttpRequest" crap="6" count="0"/>
        <line num="508" type="stmt" count="0"/>
        <line num="509" type="stmt" count="0"/>
        <line num="517" type="method" name="isFlashRequest" crap="6" count="0"/>
        <line num="519" type="stmt" count="0"/>
        <line num="520" type="stmt" count="0"/>
        <line num="528" type="method" name="renderRequestLine" crap="2" count="0"/>
        <line num="530" type="stmt" count="0"/>
        <line num="536" type="method" name="toString" crap="2" count="0"/>
        <line num="538" type="stmt" count="0"/>
        <line num="539" type="stmt" count="0"/>
        <line num="540" type="stmt" count="0"/>
        <line num="541" type="stmt" count="0"/>
        <line num="542" type="stmt" count="0"/>
        <line num="548" type="method" name="getAllowCustomMethods" crap="2" count="0"/>
        <line num="550" type="stmt" count="0"/>
        <line num="556" type="method" name="setAllowCustomMethods" crap="1" count="2"/>
        <line num="558" type="stmt" count="2"/>
        <line num="559" type="stmt" count="2"/>
        <metrics loc="560" ncloc="345" classes="1" methods="31" coveredmethods="1" conditionals="0" coveredconditionals="0" statements="142" coveredstatements="11" elements="173" coveredelements="12"/>
      </file>
      <file name="/Users/ady/PhpstormProjects/sense/vendor/zendframework/zend-http/src/Response.php">
        <class name="Response" namespace="Zend\Http">
          <metrics methods="22" coveredmethods="0" conditionals="0" coveredconditionals="0" statements="136" coveredstatements="0" elements="158" coveredelements="0"/>
        </class>
        <line num="170" type="method" name="fromString" crap="240" count="0"/>
        <line num="172" type="stmt" count="0"/>
        <line num="173" type="stmt" count="0"/>
        <line num="174" type="stmt" count="0"/>
        <line num="175" type="stmt" count="0"/>
        <line num="177" type="stmt" count="0"/>
        <line num="179" type="stmt" count="0"/>
        <line num="181" type="stmt" count="0"/>
        <line num="182" type="stmt" count="0"/>
        <line num="183" type="stmt" count="0"/>
        <line num="184" type="stmt" count="0"/>
        <line num="186" type="stmt" count="0"/>
        <line num="189" type="stmt" count="0"/>
        <line num="190" type="stmt" count="0"/>
        <line num="191" type="stmt" count="0"/>
        <line num="193" type="stmt" count="0"/>
        <line num="194" type="stmt" count="0"/>
        <line num="197" type="stmt" count="0"/>
        <line num="198" type="stmt" count="0"/>
        <line num="200" type="stmt" count="0"/>
        <line num="201" type="stmt" count="0"/>
        <line num="202" type="stmt" count="0"/>
        <line num="203" type="stmt" count="0"/>
        <line num="206" type="stmt" count="0"/>
        <line num="207" type="stmt" count="0"/>
        <line num="208" type="stmt" count="0"/>
        <line num="210" type="stmt" count="0"/>
        <line num="211" type="stmt" count="0"/>
        <line num="214" type="stmt" count="0"/>
        <line num="215" type="stmt" count="0"/>
        <line num="216" type="stmt" count="0"/>
        <line num="217" type="stmt" count="0"/>
        <line num="220" type="stmt" count="0"/>
        <line num="221" type="stmt" count="0"/>
        <line num="223" type="stmt" count="0"/>
        <line num="224" type="stmt" count="0"/>
        <line num="225" type="stmt" count="0"/>
        <line num="227" type="stmt" count="0"/>
        <line num="228" type="stmt" count="0"/>
        <line num="229" type="stmt" count="0"/>
        <line num="231" type="stmt" count="0"/>
        <line num="237" type="method" name="getCookie" crap="2" count="0"/>
        <line num="239" type="stmt" count="0"/>
        <line num="249" type="method" name="setStatusCode" crap="20" count="0"/>
        <line num="251" type="stmt" count="0"/>
        <line num="252" type="stmt" count="0"/>
        <line num="253" type="stmt" count="0"/>
        <line num="254" type="stmt" count="0"/>
        <line num="255" type="stmt" count="0"/>
        <line num="257" type="stmt" count="0"/>
        <line num="260" type="stmt" count="0"/>
        <line num="268" type="method" name="getStatusCode" crap="2" count="0"/>
        <line num="270" type="stmt" count="0"/>
        <line num="280" type="method" name="setCustomStatusCode" crap="12" count="0"/>
        <line num="282" type="stmt" count="0"/>
        <line num="283" type="stmt" count="0"/>
        <line num="284" type="stmt" count="0"/>
        <line num="285" type="stmt" count="0"/>
        <line num="287" type="stmt" count="0"/>
        <line num="290" type="stmt" count="0"/>
        <line num="299" type="method" name="saveStatusCode" crap="2" count="0"/>
        <line num="301" type="stmt" count="0"/>
        <line num="302" type="stmt" count="0"/>
        <line num="303" type="stmt" count="0"/>
        <line num="310" type="method" name="setReasonPhrase" crap="2" count="0"/>
        <line num="312" type="stmt" count="0"/>
        <line num="313" type="stmt" count="0"/>
        <line num="321" type="method" name="getReasonPhrase" crap="12" count="0"/>
        <line num="323" type="stmt" count="0"/>
        <line num="324" type="stmt" count="0"/>
        <line num="325" type="stmt" count="0"/>
        <line num="326" type="stmt" count="0"/>
        <line num="334" type="method" name="getBody" crap="42" count="0"/>
        <line num="336" type="stmt" count="0"/>
        <line num="338" type="stmt" count="0"/>
        <line num="340" type="stmt" count="0"/>
        <line num="341" type="stmt" count="0"/>
        <line num="342" type="stmt" count="0"/>
        <line num="343" type="stmt" count="0"/>
        <line num="344" type="stmt" count="0"/>
        <line num="346" type="stmt" count="0"/>
        <line num="348" type="stmt" count="0"/>
        <line num="349" type="stmt" count="0"/>
        <line num="350" type="stmt" count="0"/>
        <line num="351" type="stmt" count="0"/>
        <line num="352" type="stmt" count="0"/>
        <line num="353" type="stmt" count="0"/>
        <line num="354" type="stmt" count="0"/>
        <line num="355" type="stmt" count="0"/>
        <line num="357" type="stmt" count="0"/>
        <line num="365" type="method" name="isClientError" crap="6" count="0"/>
        <line num="367" type="stmt" count="0"/>
        <line num="368" type="stmt" count="0"/>
        <line num="376" type="method" name="isForbidden" crap="2" count="0"/>
        <line num="378" type="stmt" count="0"/>
        <line num="386" type="method" name="isInformational" crap="6" count="0"/>
        <line num="388" type="stmt" count="0"/>
        <line num="389" type="stmt" count="0"/>
        <line num="397" type="method" name="isNotFound" crap="2" count="0"/>
        <line num="399" type="stmt" count="0"/>
        <line num="407" type="method" name="isOk" crap="2" count="0"/>
        <line num="409" type="stmt" count="0"/>
        <line num="417" type="method" name="isServerError" crap="6" count="0"/>
        <line num="419" type="stmt" count="0"/>
        <line num="420" type="stmt" count="0"/>
        <line num="428" type="method" name="isRedirect" crap="6" count="0"/>
        <line num="430" type="stmt" count="0"/>
        <line num="431" type="stmt" count="0"/>
        <line num="439" type="method" name="isSuccess" crap="6" count="0"/>
        <line num="441" type="stmt" count="0"/>
        <line num="442" type="stmt" count="0"/>
        <line num="450" type="method" name="renderStatusLine" crap="2" count="0"/>
        <line num="452" type="stmt" count="0"/>
        <line num="453" type="stmt" count="0"/>
        <line num="454" type="stmt" count="0"/>
        <line num="455" type="stmt" count="0"/>
        <line num="456" type="stmt" count="0"/>
        <line num="457" type="stmt" count="0"/>
        <line num="458" type="stmt" count="0"/>
        <line num="466" type="method" name="toString" crap="2" count="0"/>
        <line num="468" type="stmt" count="0"/>
        <line num="469" type="stmt" count="0"/>
        <line num="470" type="stmt" count="0"/>
        <line num="471" type="stmt" count="0"/>
        <line num="472" type="stmt" count="0"/>
        <line num="482" type="method" name="decodeChunkedBody" crap="12" count="0"/>
        <line num="484" type="stmt" count="0"/>
        <line num="486" type="stmt" count="0"/>
        <line num="487" type="stmt" count="0"/>
        <line num="488" type="stmt" count="0"/>
        <line num="490" type="stmt" count="0"/>
        <line num="493" type="stmt" count="0"/>
        <line num="494" type="stmt" count="0"/>
        <line num="495" type="stmt" count="0"/>
        <line num="496" type="stmt" count="0"/>
        <line num="497" type="stmt" count="0"/>
        <line num="499" type="stmt" count="0"/>
        <line num="511" type="method" name="decodeGzip" crap="12" count="0"/>
        <line num="513" type="stmt" count="0"/>
        <line num="514" type="stmt" count="0"/>
        <line num="516" type="stmt" count="0"/>
        <line num="519" type="stmt" count="0"/>
        <line num="520" type="stmt" count="0"/>
        <line num="521" type="stmt" count="0"/>
        <line num="522" type="stmt" count="0"/>
        <line num="523" type="stmt" count="0"/>
        <line num="524" type="stmt" count="0"/>
        <line num="525" type="stmt" count="0"/>
        <line num="527" type="stmt" count="0"/>
        <line num="529" type="stmt" count="0"/>
        <line num="541" type="method" name="decodeDeflate" crap="12" count="0"/>
        <line num="543" type="stmt" count="0"/>
        <line num="544" type="stmt" count="0"/>
        <line num="546" type="stmt" count="0"/>
        <line num="560" type="stmt" count="0"/>
        <line num="562" type="stmt" count="0"/>
        <line num="563" type="stmt" count="0"/>
        <line num="565" type="stmt" count="0"/>
        <metrics loc="567" ncloc="395" classes="1" methods="22" coveredmethods="0" conditionals="0" coveredconditionals="0" statements="136" coveredstatements="0" elements="158" coveredelements="0"/>
      </file>
    </package>
    <package name="Zend\Http\PhpEnvironment">
      <file name="/Users/ady/PhpstormProjects/sense/vendor/zendframework/zend-http/src/PhpEnvironment/Request.php">
        <class name="Request" namespace="Zend\Http\PhpEnvironment">
          <metrics methods="18" coveredmethods="2" conditionals="0" coveredconditionals="0" statements="236" coveredstatements="67" elements="254" coveredelements="69"/>
        </class>
        <line num="65" type="method" name="__construct" crap="8.71" count="2"/>
        <line num="67" type="stmt" count="2"/>
        <line num="69" type="stmt" count="2"/>
        <line num="71" type="stmt" count="2"/>
        <line num="72" type="stmt" count="0"/>
        <line num="73" type="stmt" count="0"/>
        <line num="74" type="stmt" count="2"/>
        <line num="75" type="stmt" count="0"/>
        <line num="76" type="stmt" count="0"/>
        <line num="77" type="stmt" count="2"/>
        <line num="78" type="stmt" count="0"/>
        <line num="79" type="stmt" count="0"/>
        <line num="80" type="stmt" count="2"/>
        <line num="82" type="stmt" count="0"/>
        <line num="83" type="stmt" count="0"/>
        <line num="84" type="stmt" count="0"/>
        <line num="86" type="stmt" count="2"/>
        <line num="87" type="stmt" count="2"/>
        <line num="94" type="method" name="getContent" crap="12" count="0"/>
        <line num="96" type="stmt" count="0"/>
        <line num="97" type="stmt" count="0"/>
        <line num="98" type="stmt" count="0"/>
        <line num="99" type="stmt" count="0"/>
        <line num="100" type="stmt" count="0"/>
        <line num="101" type="stmt" count="0"/>
        <line num="103" type="stmt" count="0"/>
        <line num="114" type="method" name="setCookies" crap="2" count="0"/>
        <line num="116" type="stmt" count="0"/>
        <line num="117" type="stmt" count="0"/>
        <line num="126" type="method" name="setRequestUri" crap="2" count="0"/>
        <line num="128" type="stmt" count="0"/>
        <line num="129" type="stmt" count="0"/>
        <line num="137" type="method" name="getRequestUri" crap="2" count="2"/>
        <line num="139" type="stmt" count="2"/>
        <line num="140" type="stmt" count="2"/>
        <line num="141" type="stmt" count="2"/>
        <line num="142" type="stmt" count="2"/>
        <line num="151" type="method" name="setBaseUrl" crap="2" count="0"/>
        <line num="153" type="stmt" count="0"/>
        <line num="154" type="stmt" count="0"/>
        <line num="162" type="method" name="getBaseUrl" crap="6" count="0"/>
        <line num="164" type="stmt" count="0"/>
        <line num="165" type="stmt" count="0"/>
        <line num="166" type="stmt" count="0"/>
        <line num="167" type="stmt" count="0"/>
        <line num="176" type="method" name="setBasePath" crap="2" count="0"/>
        <line num="178" type="stmt" count="0"/>
        <line num="179" type="stmt" count="0"/>
        <line num="187" type="method" name="getBasePath" crap="6" count="0"/>
        <line num="189" type="stmt" count="0"/>
        <line num="190" type="stmt" count="0"/>
        <line num="191" type="stmt" count="0"/>
        <line num="193" type="stmt" count="0"/>
        <line num="203" type="method" name="setServer" crap="246.08" count="2"/>
        <line num="205" type="stmt" count="2"/>
        <line num="208" type="stmt" count="2"/>
        <line num="209" type="stmt" count="0"/>
        <line num="210" type="stmt" count="0"/>
        <line num="211" type="stmt" count="0"/>
        <line num="212" type="stmt" count="0"/>
        <line num="213" type="stmt" count="0"/>
        <line num="214" type="stmt" count="0"/>
        <line num="215" type="stmt" count="0"/>
        <line num="216" type="stmt" count="0"/>
        <line num="217" type="stmt" count="0"/>
        <line num="220" type="stmt" count="2"/>
        <line num="222" type="stmt" count="2"/>
        <line num="223" type="stmt" count="2"/>
        <line num="224" type="stmt" count="2"/>
        <line num="225" type="stmt" count="0"/>
        <line num="227" type="stmt" count="0"/>
        <line num="230" type="stmt" count="0"/>
        <line num="231" type="stmt" count="2"/>
        <line num="232" type="stmt" count="0"/>
        <line num="233" type="stmt" count="0"/>
        <line num="234" type="stmt" count="0"/>
        <line num="235" type="stmt" count="2"/>
        <line num="236" type="stmt" count="2"/>
        <line num="238" type="stmt" count="2"/>
        <line num="241" type="stmt" count="2"/>
        <line num="242" type="stmt" count="0"/>
        <line num="243" type="stmt" count="0"/>
        <line num="246" type="stmt" count="2"/>
        <line num="247" type="stmt" count="2"/>
        <line num="248" type="stmt" count="2"/>
        <line num="249" type="stmt" count="0"/>
        <line num="250" type="stmt" count="0"/>
        <line num="253" type="stmt" count="2"/>
        <line num="256" type="stmt" count="2"/>
        <line num="257" type="stmt" count="2"/>
        <line num="258" type="stmt" count="2"/>
        <line num="259" type="stmt" count="2"/>
        <line num="260" type="stmt" count="0"/>
        <line num="261" type="stmt" count="0"/>
        <line num="262" type="stmt" count="2"/>
        <line num="264" type="stmt" count="2"/>
        <line num="267" type="stmt" count="2"/>
        <line num="268" type="stmt" count="2"/>
        <line num="271" type="stmt" count="2"/>
        <line num="272" type="stmt" count="0"/>
        <line num="275" type="stmt" count="0"/>
        <line num="276" type="stmt" count="0"/>
        <line num="277" type="stmt" count="0"/>
        <line num="278" type="stmt" count="0"/>
        <line num="281" type="stmt" count="0"/>
        <line num="282" type="stmt" count="0"/>
        <line num="283" type="stmt" count="0"/>
        <line num="284" type="stmt" count="0"/>
        <line num="285" type="stmt" count="0"/>
        <line num="287" type="stmt" count="0"/>
        <line num="288" type="stmt" count="0"/>
        <line num="289" type="stmt" count="0"/>
        <line num="290" type="stmt" count="0"/>
        <line num="291" type="stmt" count="0"/>
        <line num="293" type="stmt" count="2"/>
        <line num="294" type="stmt" count="0"/>
        <line num="295" type="stmt" count="0"/>
        <line num="296" type="stmt" count="0"/>
        <line num="297" type="stmt" count="0"/>
        <line num="300" type="stmt" count="0"/>
        <line num="301" type="stmt" count="0"/>
        <line num="302" type="stmt" count="0"/>
        <line num="305" type="stmt" count="0"/>
        <line num="306" type="stmt" count="0"/>
        <line num="307" type="stmt" count="0"/>
        <line num="308" type="stmt" count="0"/>
        <line num="309" type="stmt" count="2"/>
        <line num="310" type="stmt" count="2"/>
        <line num="313" type="stmt" count="2"/>
        <line num="314" type="stmt" count="2"/>
        <line num="315" type="stmt" count="0"/>
        <line num="316" type="stmt" count="0"/>
        <line num="318" type="stmt" count="2"/>
        <line num="321" type="stmt" count="2"/>
        <line num="322" type="stmt" count="0"/>
        <line num="323" type="stmt" count="0"/>
        <line num="325" type="stmt" count="2"/>
        <line num="327" type="stmt" count="2"/>
        <line num="338" type="method" name="getServer" crap="4.12" count="2"/>
        <line num="340" type="stmt" count="2"/>
        <line num="341" type="stmt" count="0"/>
        <line num="342" type="stmt" count="0"/>
        <line num="344" type="stmt" count="2"/>
        <line num="345" type="stmt" count="2"/>
        <line num="348" type="stmt" count="0"/>
        <line num="358" type="method" name="setEnv" crap="1" count="2"/>
        <line num="360" type="stmt" count="2"/>
        <line num="361" type="stmt" count="2"/>
        <line num="371" type="method" name="getEnv" crap="8.67" count="1"/>
        <line num="372" type="stmt" count="1"/>
        <line num="373" type="stmt" count="0"/>
        <line num="374" type="stmt" count="0"/>
        <line num="375" type="stmt" count="0"/>
        <line num="377" type="stmt" count="0"/>
        <line num="378" type="stmt" count="0"/>
        <line num="381" type="stmt" count="0"/>
        <line num="390" type="method" name="mapPhpFiles" crap="30" count="0"/>
        <line num="392" type="stmt" count="0"/>
        <line num="393" type="stmt" count="0"/>
        <line num="394" type="stmt" count="0"/>
        <line num="395" type="stmt" count="0"/>
        <line num="396" type="stmt" count="0"/>
        <line num="397" type="stmt" count="0"/>
        <line num="398" type="stmt" count="0"/>
        <line num="399" type="stmt" count="0"/>
        <line num="400" type="stmt" count="0"/>
        <line num="401" type="stmt" count="0"/>
        <line num="403" type="stmt" count="0"/>
        <line num="404" type="stmt" count="0"/>
        <line num="406" type="stmt" count="0"/>
        <line num="415" type="method" name="mapPhpFileParam" crap="12" count="0"/>
        <line num="417" type="stmt" count="0"/>
        <line num="418" type="stmt" count="0"/>
        <line num="419" type="stmt" count="0"/>
        <line num="420" type="stmt" count="0"/>
        <line num="421" type="stmt" count="0"/>
        <line num="422" type="stmt" count="0"/>
        <line num="424" type="stmt" count="0"/>
        <line num="434" type="method" name="detectRequestUri" crap="14.48" count="2"/>
        <line num="436" type="stmt" count="2"/>
        <line num="437" type="stmt" count="2"/>
        <line num="440" type="stmt" count="2"/>
        <line num="441" type="stmt" count="2"/>
        <line num="442" type="stmt" count="0"/>
        <line num="443" type="stmt" count="0"/>
        <line num="446" type="stmt" count="2"/>
        <line num="447" type="stmt" count="2"/>
        <line num="448" type="stmt" count="0"/>
        <line num="449" type="stmt" count="0"/>
        <line num="453" type="stmt" count="2"/>
        <line num="454" type="stmt" count="2"/>
        <line num="455" type="stmt" count="2"/>
        <line num="456" type="stmt" count="0"/>
        <line num="461" type="stmt" count="2"/>
        <line num="462" type="stmt" count="2"/>
        <line num="463" type="stmt" count="2"/>
        <line num="465" type="stmt" count="2"/>
        <line num="466" type="stmt" count="0"/>
        <line num="470" type="stmt" count="2"/>
[...]
        <line num="369" type="stmt" count="0"/>
        <line num="371" type="stmt" count="0"/>
        <line num="372" type="stmt" count="0"/>
        <line num="373" type="stmt" count="0"/>
        <line num="374" type="stmt" count="0"/>
        <line num="375" type="stmt" count="0"/>
        <line num="376" type="stmt" count="0"/>
        <line num="377" type="stmt" count="0"/>
        <line num="378" type="stmt" count="0"/>
        <line num="379" type="stmt" count="0"/>
        <line num="380" type="stmt" count="0"/>
        <line num="382" type="stmt" count="0"/>
        <line num="383" type="stmt" count="0"/>
        <line num="384" type="stmt" count="0"/>
        <line num="385" type="stmt" count="0"/>
        <line num="386" type="stmt" count="0"/>
        <line num="388" type="stmt" count="0"/>
        <line num="389" type="stmt" count="0"/>
        <line num="390" type="stmt" count="0"/>
        <line num="392" type="stmt" count="0"/>
        <line num="393" type="stmt" count="0"/>
        <line num="394" type="stmt" count="0"/>
        <line num="396" type="stmt" count="0"/>
        <line num="412" type="method" name="normalize" crap="90" count="0"/>
        <line num="414" type="stmt" count="0"/>
        <line num="415" type="stmt" count="0"/>
        <line num="416" type="stmt" count="0"/>
        <line num="418" type="stmt" count="0"/>
        <line num="419" type="stmt" count="0"/>
        <line num="420" type="stmt" count="0"/>
        <line num="422" type="stmt" count="0"/>
        <line num="423" type="stmt" count="0"/>
        <line num="424" type="stmt" count="0"/>
        <line num="426" type="stmt" count="0"/>
        <line num="427" type="stmt" count="0"/>
        <line num="428" type="stmt" count="0"/>
        <line num="430" type="stmt" count="0"/>
        <line num="431" type="stmt" count="0"/>
        <line num="432" type="stmt" count="0"/>
        <line num="434" type="stmt" count="0"/>
        <line num="435" type="stmt" count="0"/>
        <line num="436" type="stmt" count="0"/>
        <line num="440" type="stmt" count="0"/>
        <line num="441" type="stmt" count="0"/>
        <line num="442" type="stmt" count="0"/>
        <line num="444" type="stmt" count="0"/>
        <line num="461" type="method" name="resolve" crap="110" count="0"/>
        <line num="464" type="stmt" count="0"/>
        <line num="465" type="stmt" count="0"/>
        <line num="468" type="stmt" count="0"/>
        <line num="469" type="stmt" count="0"/>
        <line num="470" type="stmt" count="0"/>
        <line num="471" type="stmt" count="0"/>
        <line num="473" type="stmt" count="0"/>
        <line num="477" type="stmt" count="0"/>
        <line num="478" type="stmt" count="0"/>
        <line num="479" type="stmt" count="0"/>
        <line num="480" type="stmt" count="0"/>
        <line num="481" type="stmt" count="0"/>
        <line num="482" type="stmt" count="0"/>
        <line num="483" type="stmt" count="0"/>
        <line num="484" type="stmt" count="0"/>
        <line num="485" type="stmt" count="0"/>
        <line num="486" type="stmt" count="0"/>
        <line num="487" type="stmt" count="0"/>
        <line num="488" type="stmt" count="0"/>
        <line num="489" type="stmt" count="0"/>
        <line num="490" type="stmt" count="0"/>
        <line num="491" type="stmt" count="0"/>
        <line num="492" type="stmt" count="0"/>
        <line num="493" type="stmt" count="0"/>
        <line num="494" type="stmt" count="0"/>
        <line num="496" type="stmt" count="0"/>
        <line num="501" type="stmt" count="0"/>
        <line num="502" type="stmt" count="0"/>
        <line num="503" type="stmt" count="0"/>
        <line num="506" type="stmt" count="0"/>
        <line num="507" type="stmt" count="0"/>
        <line num="522" type="method" name="makeRelative" crap="210" count="0"/>
        <line num="525" type="stmt" count="0"/>
        <line num="527" type="stmt" count="0"/>
        <line num="528" type="stmt" count="0"/>
        <line num="530" type="stmt" count="0"/>
        <line num="531" type="stmt" count="0"/>
        <line num="532" type="stmt" count="0"/>
        <line num="534" type="stmt" count="0"/>
        <line num="537" type="stmt" count="0"/>
        <line num="538" type="stmt" count="0"/>
        <line num="539" type="stmt" count="0"/>
        <line num="541" type="stmt" count="0"/>
        <line num="544" type="stmt" count="0"/>
        <line num="545" type="stmt" count="0"/>
        <line num="546" type="stmt" count="0"/>
        <line num="548" type="stmt" count="0"/>
        <line num="552" type="stmt" count="0"/>
        <line num="553" type="stmt" count="0"/>
        <line num="554" type="stmt" count="0"/>
        <line num="557" type="stmt" count="0"/>
        <line num="558" type="stmt" count="0"/>
        <line num="559" type="stmt" count="0"/>
        <line num="562" type="stmt" count="0"/>
        <line num="563" type="stmt" count="0"/>
        <line num="567" type="stmt" count="0"/>
        <line num="570" type="stmt" count="0"/>
        <line num="573" type="stmt" count="0"/>
        <line num="574" type="stmt" count="0"/>
        <line num="575" type="stmt" count="0"/>
        <line num="579" type="stmt" count="0"/>
        <line num="580" type="stmt" count="0"/>
        <line num="583" type="stmt" count="0"/>
        <line num="585" type="stmt" count="0"/>
        <line num="593" type="method" name="getScheme" crap="2" count="0"/>
        <line num="595" type="stmt" count="0"/>
        <line num="603" type="method" name="getUserInfo" crap="2" count="0"/>
        <line num="605" type="stmt" count="0"/>
        <line num="613" type="method" name="getHost" crap="2" count="0"/>
        <line num="615" type="stmt" count="0"/>
        <line num="623" type="method" name="getPort" crap="2" count="0"/>
        <line num="625" type="stmt" count="0"/>
        <line num="633" type="method" name="getPath" crap="2" count="0"/>
        <line num="635" type="stmt" count="0"/>
        <line num="643" type="method" name="getQuery" crap="2" count="0"/>
        <line num="645" type="stmt" count="0"/>
        <line num="656" type="method" name="getQueryAsArray" crap="6" count="0"/>
        <line num="658" type="stmt" count="0"/>
        <line num="659" type="stmt" count="0"/>
        <line num="660" type="stmt" count="0"/>
        <line num="661" type="stmt" count="0"/>
        <line num="663" type="stmt" count="0"/>
        <line num="671" type="method" name="getFragment" crap="2" count="0"/>
        <line num="673" type="stmt" count="0"/>
        <line num="691" type="method" name="setScheme" crap="5.20" count="2"/>
        <line num="693" type="stmt" count="2"/>
        <line num="694" type="stmt" count="0"/>
        <line num="695" type="stmt" count="0"/>
        <line num="696" type="stmt" count="0"/>
        <line num="697" type="stmt" count="0"/>
        <line num="698" type="stmt" count="0"/>
        <line num="701" type="stmt" count="2"/>
        <line num="702" type="stmt" count="2"/>
        <line num="713" type="method" name="setUserInfo" crap="2" count="0"/>
        <line num="715" type="stmt" count="0"/>
        <line num="716" type="stmt" count="0"/>
        <line num="737" type="method" name="setHost" crap="5.50" count="2"/>
        <line num="739" type="stmt" count="2"/>
        <line num="740" type="stmt" count="2"/>
        <line num="741" type="stmt" count="2"/>
        <line num="742" type="stmt" count="2"/>
        <line num="743" type="stmt" count="0"/>
        <line num="744" type="stmt" count="0"/>
        <line num="745" type="stmt" count="0"/>
        <line num="746" type="stmt" count="0"/>
        <line num="747" type="stmt" count="0"/>
        <line num="750" type="stmt" count="2"/>
        <line num="751" type="stmt" count="2"/>
        <line num="760" type="method" name="setPort" crap="1" count="2"/>
        <line num="762" type="stmt" count="2"/>
        <line num="763" type="stmt" count="2"/>
        <line num="772" type="method" name="setPath" crap="1" count="2"/>
        <line num="774" type="stmt" count="2"/>
        <line num="775" type="stmt" count="2"/>
        <line num="788" type="method" name="setQuery" crap="6" count="0"/>
        <line num="790" type="stmt" count="0"/>
        <line num="793" type="stmt" count="0"/>
        <line num="794" type="stmt" count="0"/>
        <line num="796" type="stmt" count="0"/>
        <line num="797" type="stmt" count="0"/>
        <line num="808" type="method" name="setFragment" crap="2" count="0"/>
        <line num="810" type="stmt" count="0"/>
        <line num="811" type="stmt" count="0"/>
        <line num="819" type="method" name="__toString" crap="6" count="0"/>
        <line num="822" type="stmt" count="0"/>
        <line num="823" type="stmt" count="0"/>
        <line num="824" type="stmt" count="0"/>
        <line num="842" type="method" name="validateScheme" crap="3.07" count="2"/>
        <line num="844" type="stmt" count="2"/>
        <line num="845" type="stmt" count="2"/>
        <line num="846" type="stmt" count="2"/>
        <line num="847" type="stmt" count="0"/>
        <line num="850" type="stmt" count="2"/>
        <line num="859" type="method" name="validateUserInfo" crap="2" count="0"/>
        <line num="861" type="stmt" count="0"/>
        <line num="862" type="stmt" count="0"/>
        <line num="882" type="method" name="validateHost" crap="56" count="0"/>
        <line num="889" type="stmt" count="0"/>
        <line num="890" type="stmt" count="0"/>
        <line num="891" type="stmt" count="0"/>
        <line num="893" type="stmt" count="0"/>
        <line num="895" type="stmt" count="0"/>
        <line num="896" type="stmt" count="0"/>
        <line num="897" type="stmt" count="0"/>
        <line num="899" type="stmt" count="0"/>
        <line num="901" type="stmt" count="0"/>
        <line num="902" type="stmt" count="0"/>
        <line num="903" type="stmt" count="0"/>
        <line num="905" type="stmt" count="0"/>
        <line num="907" type="stmt" count="0"/>
        <line num="918" type="method" name="validatePort" crap="30" count="0"/>
        <line num="920" type="stmt" count="0"/>
        <line num="921" type="stmt" count="0"/>
        <line num="924" type="stmt" count="0"/>
        <line num="925" type="stmt" count="0"/>
        <line num="926" type="stmt" count="0"/>
        <line num="927" type="stmt" count="0"/>
        <line num="929" type="stmt" count="0"/>
        <line num="931" type="stmt" count="0"/>
        <line num="940" type="method" name="validatePath" crap="2" count="0"/>
        <line num="942" type="stmt" count="0"/>
        <line num="943" type="stmt" count="0"/>
        <line num="944" type="stmt" count="0"/>
        <line num="945" type="stmt" count="0"/>
        <line num="960" type="method" name="validateQueryFragment" crap="2" count="0"/>
        <line num="962" type="stmt" count="0"/>
        <line num="963" type="stmt" count="0"/>
        <line num="973" type="method" name="encodeUserInfo" crap="12" count="0"/>
        <line num="975" type="stmt" count="0"/>
        <line num="976" type="stmt" count="0"/>
        <line num="977" type="stmt" count="0"/>
        <line num="978" type="stmt" count="0"/>
        <line num="979" type="stmt" count="0"/>
        <line num="982" type="stmt" count="0"/>
        <line num="983" type="stmt" count="0"/>
        <line num="985" type="stmt" count="0"/>
        <line num="986" type="stmt" count="0"/>
        <line num="988" type="stmt" count="0"/>
        <line num="1001" type="method" name="encodePath" crap="12" count="0"/>
        <line num="1003" type="stmt" count="0"/>
        <line num="1004" type="stmt" count="0"/>
        <line num="1005" type="stmt" count="0"/>
        <line num="1006" type="stmt" count="0"/>
        <line num="1007" type="stmt" count="0"/>
        <line num="1010" type="stmt" count="0"/>
        <line num="1011" type="stmt" count="0"/>
        <line num="1013" type="stmt" count="0"/>
        <line num="1014" type="stmt" count="0"/>
        <line num="1016" type="stmt" count="0"/>
        <line num="1030" type="method" name="encodeQueryFragment" crap="12" count="0"/>
        <line num="1032" type="stmt" count="0"/>
        <line num="1033" type="stmt" count="0"/>
        <line num="1034" type="stmt" count="0"/>
        <line num="1035" type="stmt" count="0"/>
        <line num="1036" type="stmt" count="0"/>
        <line num="1039" type="stmt" count="0"/>
        <line num="1040" type="stmt" count="0"/>
        <line num="1042" type="stmt" count="0"/>
        <line num="1043" type="stmt" count="0"/>
        <line num="1045" type="stmt" count="0"/>
        <line num="1062" type="method" name="parseScheme" crap="20" count="0"/>
        <line num="1064" type="stmt" count="0"/>
        <line num="1065" type="stmt" count="0"/>
        <line num="1066" type="stmt" count="0"/>
        <line num="1067" type="stmt" count="0"/>
        <line num="1068" type="stmt" count="0"/>
        <line num="1071" type="stmt" count="0"/>
        <line num="1072" type="stmt" count="0"/>
        <line num="1075" type="stmt" count="0"/>
        <line num="1089" type="method" name="removePathDotSegments" crap="182" count="0"/>
        <line num="1091" type="stmt" count="0"/>
        <line num="1093" type="stmt" count="0"/>
        <line num="1094" type="stmt" count="0"/>
        <line num="1095" type="stmt" count="0"/>
        <line num="1098" type="stmt" count="0"/>
        <line num="1099" type="stmt" count="0"/>
        <line num="1100" type="stmt" count="0"/>
        <line num="1101" type="stmt" count="0"/>
        <line num="1102" type="stmt" count="0"/>
        <line num="1103" type="stmt" count="0"/>
        <line num="1104" type="stmt" count="0"/>
        <line num="1105" type="stmt" count="0"/>
        <line num="1106" type="stmt" count="0"/>
        <line num="1108" type="stmt" count="0"/>
        <line num="1109" type="stmt" count="0"/>
        <line num="1110" type="stmt" count="0"/>
        <line num="1111" type="stmt" count="0"/>
        <line num="1112" type="stmt" count="0"/>
        <line num="1113" type="stmt" count="0"/>
        <line num="1114" type="stmt" count="0"/>
        <line num="1116" type="stmt" count="0"/>
        <line num="1117" type="stmt" count="0"/>
        <line num="1118" type="stmt" count="0"/>
        <line num="1119" type="stmt" count="0"/>
        <line num="1120" type="stmt" count="0"/>
        <line num="1121" type="stmt" count="0"/>
        <line num="1122" type="stmt" count="0"/>
        <line num="1123" type="stmt" count="0"/>
        <line num="1124" type="stmt" count="0"/>
        <line num="1125" type="stmt" count="0"/>
        <line num="1126" type="stmt" count="0"/>
        <line num="1127" type="stmt" count="0"/>
        <line num="1128" type="stmt" count="0"/>
        <line num="1129" type="stmt" count="0"/>
        <line num="1130" type="stmt" count="0"/>
        <line num="1131" type="stmt" count="0"/>
        <line num="1132" type="stmt" count="0"/>
        <line num="1135" type="stmt" count="0"/>
        <line num="1136" type="stmt" count="0"/>
        <line num="1137" type="stmt" count="0"/>
        <line num="1138" type="stmt" count="0"/>
        <line num="1139" type="stmt" count="0"/>
        <line num="1141" type="stmt" count="0"/>
        <line num="1157" type="method" name="merge" crap="2" count="0"/>
        <line num="1159" type="stmt" count="0"/>
        <line num="1160" type="stmt" count="0"/>
        <line num="1170" type="method" name="isValidIpAddress" crap="12" count="0"/>
        <line num="1173" type="stmt" count="0"/>
        <line num="1174" type="stmt" count="0"/>
        <line num="1175" type="stmt" count="0"/>
        <line num="1176" type="stmt" count="0"/>
        <line num="1177" type="stmt" count="0"/>
        <line num="1180" type="stmt" count="0"/>
        <line num="1181" type="stmt" count="0"/>
        <line num="1182" type="stmt" count="0"/>
        <line num="1183" type="stmt" count="0"/>
        <line num="1188" type="stmt" count="0"/>
        <line num="1189" type="stmt" count="0"/>
        <line num="1190" type="stmt" count="0"/>
        <line num="1191" type="stmt" count="0"/>
        <line num="1192" type="stmt" count="0"/>
        <line num="1193" type="stmt" count="0"/>
        <line num="1194" type="stmt" count="0"/>
        <line num="1195" type="stmt" count="0"/>
        <line num="1204" type="method" name="isValidDnsHostname" crap="2" count="0"/>
        <line num="1206" type="stmt" count="0"/>
        <line num="1207" type="stmt" count="0"/>
        <line num="1208" type="stmt" count="0"/>
        <line num="1210" type="stmt" count="0"/>
        <line num="1219" type="method" name="isValidRegName" crap="2" count="0"/>
        <line num="1221" type="stmt" count="0"/>
        <line num="1222" type="stmt" count="0"/>
        <line num="1241" type="method" name="normalizeScheme" crap="2" count="0"/>
        <line num="1243" type="stmt" count="0"/>
        <line num="1254" type="method" name="normalizeHost" crap="2" count="0"/>
        <line num="1256" type="stmt" count="0"/>
        <line num="1269" type="method" name="normalizePort" crap="20" count="0"/>
        <line num="1272" type="stmt" count="0"/>
        <line num="1273" type="stmt" count="0"/>
        <line num="1274" type="stmt" count="0"/>
        <line num="1275" type="stmt" count="0"/>
        <line num="1278" type="stmt" count="0"/>
        <line num="1290" type="method" name="normalizePath" crap="2" count="0"/>
        <line num="1292" type="stmt" count="0"/>
        <line num="1293" type="stmt" count="0"/>
        <line num="1294" type="stmt" count="0"/>
        <line num="1295" type="stmt" count="0"/>
        <line num="1296" type="stmt" count="0"/>
        <line num="1297" type="stmt" count="0"/>
        <line num="1299" type="stmt" count="0"/>
        <line num="1311" type="method" name="normalizeQuery" crap="2" count="0"/>
        <line num="1313" type="stmt" count="0"/>
        <line num="1314" type="stmt" count="0"/>
        <line num="1315" type="stmt" count="0"/>
        <line num="1316" type="stmt" count="0"/>
        <line num="1317" type="stmt" count="0"/>
        <line num="1318" type="stmt" count="0"/>
        <line num="1320" type="stmt" count="0"/>
        <line num="1331" type="method" name="normalizeFragment" crap="2" count="0"/>
        <line num="1333" type="stmt" count="0"/>
        <line num="1334" type="stmt" count="0"/>
        <line num="1335" type="stmt" count="0"/>
        <line num="1336" type="stmt" count="0"/>
        <line num="1337" type="stmt" count="0"/>
        <line num="1338" type="stmt" count="0"/>
        <line num="1340" type="stmt" count="0"/>
        <line num="1354" type="method" name="anonymous function" crap="6" count="0"/>
        <line num="1355" type="stmt" count="0"/>
        <line num="1356" type="stmt" count="0"/>
        <line num="1357" type="stmt" count="0"/>
        <line num="1359" type="stmt" count="0"/>
        <line num="1360" type="stmt" count="0"/>
        <line num="1362" type="stmt" count="0"/>
        <metrics loc="1364" ncloc="758" classes="1" methods="50" coveredmethods="2" conditionals="0" coveredconditionals="0" statements="432" coveredstatements="21" elements="482" coveredelements="23"/>
      </file>
    </package>
    <file name="/Users/ady/PhpstormProjects/sense/vendor/zendframework/zend-uri/src/UriInterface.php">
      <metrics loc="243" ncloc="54" classes="0" methods="0" coveredmethods="0" conditionals="0" coveredconditionals="0" statements="0" coveredstatements="0" elements="0" coveredelements="0"/>
    </file>
    <metrics files="28" loc="6612" ncloc="3960" classes="22" methods="280" coveredmethods="19" conditionals="0" coveredconditionals="0" statements="1921" coveredstatements="311" elements="2201" coveredelements="330"/>
  </project>
</coverage>
